============================= test session starts ==============================
platform linux -- Python 3.12.13, pytest-9.0.3, pluggy-1.6.0
rootdir: /root/.ductor/analysis/ductor-src
configfile: pyproject.toml
plugins: cov-7.1.0, asyncio-1.3.0, aiohttp-1.1.0, time-machine-3.2.0
asyncio: mode=Mode.AUTO, debug=False, asyncio_default_fixture_loop_scope=None, asyncio_default_test_loop_scope=function
collected 19 items

tests/infra/test_service_linux.py .................                      [ 89%]
tests/infra/test_service_logs.py ..                                      [100%]

============================== 19 passed in 0.82s ==============================
